2018-04-16 17:08:49,665 [INFO] from application in play-dev-mode-akka.actor.default-dispatcher-4 - Creating Pool for datasource 'default'
2018-04-16 17:08:49,766 [INFO] from play.api.db.DefaultDBApi in play-dev-mode-akka.actor.default-dispatcher-4 - Database [default] connected at jdbc:h2:file:./data/productsDB
2018-04-16 17:08:50,906 [WARN] from org.hibernate.validator.messageinterpolation.ParameterMessageInterpolator in play-dev-mode-akka.actor.default-dispatcher-4 - HV000184: ParameterMessageInterpolator has been chosen, EL interpolation will not be supported
2018-04-16 17:08:51,170 [INFO] from play.api.http.EnabledFilters in play-dev-mode-akka.actor.default-dispatcher-4 - Enabled Filters (see <https://www.playframework.com/documentation/latest/Filters>):

    play.filters.csrf.CSRFFilter
    play.filters.headers.SecurityHeadersFilter
    play.filters.hosts.AllowedHostsFilter

2018-04-16 17:08:51,189 [INFO] from play.api.Play in play-dev-mode-akka.actor.default-dispatcher-4 - Application started (Dev)
2018-04-16 17:09:33,846 [INFO] from application in play-dev-mode-akka.actor.default-dispatcher-4 - Shutting down connection pool.
2018-04-16 17:09:34,069 [INFO] from application in play-dev-mode-akka.actor.default-dispatcher-4 - Creating Pool for datasource 'default'
2018-04-16 17:09:34,077 [INFO] from play.api.db.DefaultDBApi in play-dev-mode-akka.actor.default-dispatcher-4 - Database [default] connected at jdbc:h2:file:./data/productsDB
2018-04-16 17:09:34,219 [WARN] from org.hibernate.validator.messageinterpolation.ParameterMessageInterpolator in play-dev-mode-akka.actor.default-dispatcher-4 - HV000184: ParameterMessageInterpolator has been chosen, EL interpolation will not be supported
2018-04-16 17:09:34,313 [INFO] from play.api.http.EnabledFilters in play-dev-mode-akka.actor.default-dispatcher-4 - Enabled Filters (see <https://www.playframework.com/documentation/latest/Filters>):

    play.filters.csrf.CSRFFilter
    play.filters.headers.SecurityHeadersFilter
    play.filters.hosts.AllowedHostsFilter

2018-04-16 17:09:34,315 [INFO] from play.api.Play in play-dev-mode-akka.actor.default-dispatcher-4 - Application started (Dev)
2018-04-16 17:11:22,518 [ERROR] from application in play-dev-mode-akka.actor.default-dispatcher-5 - 

! @77j13hc8o - Internal server error, for (GET) [/Phones] ->
 
play.sbt.PlayExceptions$CompilationException: Compilation error[Expected '}' but found 'EOF']
	at play.sbt.PlayExceptions$CompilationException$.apply(PlayExceptions.scala:34)
	at play.sbt.PlayExceptions$CompilationException$.apply(PlayExceptions.scala:34)
	at scala.Option.map(Option.scala:146)
	at play.sbt.run.PlayReload$.$anonfun$taskFailureHandler$1(PlayReload.scala:33)
	at scala.Option.map(Option.scala:146)
	at play.sbt.run.PlayReload$.taskFailureHandler(PlayReload.scala:28)
	at play.sbt.run.PlayReload$.compileFailure(PlayReload.scala:24)
	at play.sbt.run.PlayReload$.$anonfun$compile$3(PlayReload.scala:51)
	at scala.util.Either$LeftProjection.map(Either.scala:573)
	at play.sbt.run.PlayReload$.compile(PlayReload.scala:51)
	at play.sbt.run.PlayRun$.$anonfun$playRunTask$4(PlayRun.scala:75)
	at play.runsupport.Reloader.$anonfun$reload$1(Reloader.scala:413)
	at play.runsupport.Reloader$$anon$5.run(Reloader.scala:51)
	at java.security.AccessController.doPrivileged(Native Method)
	at play.runsupport.Reloader$.play$runsupport$Reloader$$withReloaderContextClassLoader(Reloader.scala:56)
	at play.runsupport.Reloader.reload(Reloader.scala:413)
	at play.core.server.DevServerStart$$anon$1.get(DevServerStart.scala:123)
	at play.core.server.Server.getHandlerFor(Server.scala:63)
	at play.core.server.Server.getHandlerFor$(Server.scala:48)
	at play.core.server.AkkaHttpServer.getHandlerFor(AkkaHttpServer.scala:41)
	at play.core.server.AkkaHttpServer.getHandler(AkkaHttpServer.scala:214)
	at play.core.server.AkkaHttpServer.handleRequest(AkkaHttpServer.scala:194)
	at play.core.server.AkkaHttpServer.$anonfun$createServerBinding$3(AkkaHttpServer.scala:106)
	at akka.stream.impl.fusing.MapAsync$$anon$23.onPush(Ops.scala:1172)
	at akka.stream.impl.fusing.GraphInterpreter.processPush(GraphInterpreter.scala:499)
	at akka.stream.impl.fusing.GraphInterpreter.processEvent(GraphInterpreter.scala:462)
	at akka.stream.impl.fusing.GraphInterpreter.execute(GraphInterpreter.scala:368)
	at akka.stream.impl.fusing.GraphInterpreterShell.runBatch(ActorGraphInterpreter.scala:571)
	at akka.stream.impl.fusing.GraphInterpreterShell$AsyncInput.execute(ActorGraphInterpreter.scala:457)
	at akka.stream.impl.fusing.GraphInterpreterShell.processEvent(ActorGraphInterpreter.scala:546)
	at akka.stream.impl.fusing.ActorGraphInterpreter.akka$stream$impl$fusing$ActorGraphInterpreter$$processEvent(ActorGraphInterpreter.scala:728)
	at akka.stream.impl.fusing.ActorGraphInterpreter$$anonfun$receive$1.applyOrElse(ActorGraphInterpreter.scala:743)
	at akka.actor.Actor.aroundReceive(Actor.scala:517)
	at akka.actor.Actor.aroundReceive$(Actor.scala:515)
	at akka.stream.impl.fusing.ActorGraphInterpreter.aroundReceive(ActorGraphInterpreter.scala:653)
	at akka.actor.ActorCell.receiveMessage(ActorCell.scala:527)
	at akka.actor.ActorCell.invoke(ActorCell.scala:496)
	at akka.dispatch.Mailbox.processMailbox(Mailbox.scala:257)
	at akka.dispatch.Mailbox.run(Mailbox.scala:224)
	at akka.dispatch.Mailbox.exec(Mailbox.scala:234)
	at akka.dispatch.forkjoin.ForkJoinTask.doExec(ForkJoinTask.java:260)
	at akka.dispatch.forkjoin.ForkJoinPool$WorkQueue.runTask(ForkJoinPool.java:1339)
	at akka.dispatch.forkjoin.ForkJoinPool.runWorker(ForkJoinPool.java:1979)
	at akka.dispatch.forkjoin.ForkJoinWorkerThread.run(ForkJoinWorkerThread.java:107)
2018-04-16 17:12:01,749 [INFO] from application in play-dev-mode-akka.actor.default-dispatcher-10 - Shutting down connection pool.
2018-04-16 17:12:01,990 [INFO] from application in play-dev-mode-akka.actor.default-dispatcher-10 - Creating Pool for datasource 'default'
2018-04-16 17:12:02,015 [INFO] from play.api.db.DefaultDBApi in play-dev-mode-akka.actor.default-dispatcher-10 - Database [default] connected at jdbc:h2:file:./data/productsDB
2018-04-16 17:12:02,170 [WARN] from org.hibernate.validator.messageinterpolation.ParameterMessageInterpolator in play-dev-mode-akka.actor.default-dispatcher-10 - HV000184: ParameterMessageInterpolator has been chosen, EL interpolation will not be supported
2018-04-16 17:12:02,239 [INFO] from play.api.http.EnabledFilters in play-dev-mode-akka.actor.default-dispatcher-10 - Enabled Filters (see <https://www.playframework.com/documentation/latest/Filters>):

    play.filters.csrf.CSRFFilter
    play.filters.headers.SecurityHeadersFilter
    play.filters.hosts.AllowedHostsFilter

2018-04-16 17:12:02,242 [INFO] from play.api.Play in play-dev-mode-akka.actor.default-dispatcher-10 - Application started (Dev)
2018-04-16 17:13:44,880 [INFO] from application in play-dev-mode-akka.actor.default-dispatcher-13 - Shutting down connection pool.
2018-04-16 17:13:45,058 [INFO] from application in play-dev-mode-akka.actor.default-dispatcher-13 - Creating Pool for datasource 'default'
2018-04-16 17:13:45,088 [INFO] from play.api.db.DefaultDBApi in play-dev-mode-akka.actor.default-dispatcher-13 - Database [default] connected at jdbc:h2:file:./data/productsDB
2018-04-16 17:13:45,226 [WARN] from org.hibernate.validator.messageinterpolation.ParameterMessageInterpolator in play-dev-mode-akka.actor.default-dispatcher-13 - HV000184: ParameterMessageInterpolator has been chosen, EL interpolation will not be supported
2018-04-16 17:13:45,309 [INFO] from play.api.http.EnabledFilters in play-dev-mode-akka.actor.default-dispatcher-13 - Enabled Filters (see <https://www.playframework.com/documentation/latest/Filters>):

    play.filters.csrf.CSRFFilter
    play.filters.headers.SecurityHeadersFilter
    play.filters.hosts.AllowedHostsFilter

2018-04-16 17:13:45,310 [INFO] from play.api.Play in play-dev-mode-akka.actor.default-dispatcher-13 - Application started (Dev)
2018-04-16 17:14:11,153 [INFO] from application in play-dev-mode-akka.actor.default-dispatcher-15 - Shutting down connection pool.
2018-04-16 17:14:11,421 [INFO] from application in play-dev-mode-akka.actor.default-dispatcher-15 - Creating Pool for datasource 'default'
2018-04-16 17:14:11,448 [INFO] from play.api.db.DefaultDBApi in play-dev-mode-akka.actor.default-dispatcher-15 - Database [default] connected at jdbc:h2:file:./data/productsDB
2018-04-16 17:14:11,591 [WARN] from org.hibernate.validator.messageinterpolation.ParameterMessageInterpolator in play-dev-mode-akka.actor.default-dispatcher-15 - HV000184: ParameterMessageInterpolator has been chosen, EL interpolation will not be supported
2018-04-16 17:14:11,701 [INFO] from play.api.http.EnabledFilters in play-dev-mode-akka.actor.default-dispatcher-15 - Enabled Filters (see <https://www.playframework.com/documentation/latest/Filters>):

    play.filters.csrf.CSRFFilter
    play.filters.headers.SecurityHeadersFilter
    play.filters.hosts.AllowedHostsFilter

2018-04-16 17:14:11,703 [INFO] from play.api.Play in play-dev-mode-akka.actor.default-dispatcher-15 - Application started (Dev)
2018-04-16 17:15:53,331 [INFO] from application in play-dev-mode-akka.actor.default-dispatcher-22 - Shutting down connection pool.
2018-04-16 17:15:53,482 [INFO] from application in play-dev-mode-akka.actor.default-dispatcher-22 - Creating Pool for datasource 'default'
2018-04-16 17:15:53,491 [INFO] from play.api.db.DefaultDBApi in play-dev-mode-akka.actor.default-dispatcher-22 - Database [default] connected at jdbc:h2:file:./data/productsDB
2018-04-16 17:15:53,642 [WARN] from org.hibernate.validator.messageinterpolation.ParameterMessageInterpolator in play-dev-mode-akka.actor.default-dispatcher-22 - HV000184: ParameterMessageInterpolator has been chosen, EL interpolation will not be supported
2018-04-16 17:15:53,704 [INFO] from play.api.http.EnabledFilters in play-dev-mode-akka.actor.default-dispatcher-22 - Enabled Filters (see <https://www.playframework.com/documentation/latest/Filters>):

    play.filters.csrf.CSRFFilter
    play.filters.headers.SecurityHeadersFilter
    play.filters.hosts.AllowedHostsFilter

2018-04-16 17:15:53,704 [INFO] from play.api.Play in play-dev-mode-akka.actor.default-dispatcher-22 - Application started (Dev)
2018-04-16 17:26:40,792 [INFO] from application in play-dev-mode-akka.actor.default-dispatcher-48 - Shutting down connection pool.
2018-04-16 17:26:40,994 [INFO] from application in play-dev-mode-akka.actor.default-dispatcher-48 - Creating Pool for datasource 'default'
2018-04-16 17:26:41,015 [INFO] from play.api.db.DefaultDBApi in play-dev-mode-akka.actor.default-dispatcher-48 - Database [default] connected at jdbc:h2:file:./data/productsDB
2018-04-16 17:26:41,151 [WARN] from org.hibernate.validator.messageinterpolation.ParameterMessageInterpolator in play-dev-mode-akka.actor.default-dispatcher-48 - HV000184: ParameterMessageInterpolator has been chosen, EL interpolation will not be supported
2018-04-16 17:26:41,220 [INFO] from play.api.http.EnabledFilters in play-dev-mode-akka.actor.default-dispatcher-48 - Enabled Filters (see <https://www.playframework.com/documentation/latest/Filters>):

    play.filters.csrf.CSRFFilter
    play.filters.headers.SecurityHeadersFilter
    play.filters.hosts.AllowedHostsFilter

2018-04-16 17:26:41,229 [INFO] from play.api.Play in play-dev-mode-akka.actor.default-dispatcher-48 - Application started (Dev)
2018-04-16 17:27:47,729 [INFO] from application in play-dev-mode-akka.actor.default-dispatcher-45 - Shutting down connection pool.
2018-04-16 17:27:47,911 [INFO] from application in play-dev-mode-akka.actor.default-dispatcher-45 - Creating Pool for datasource 'default'
2018-04-16 17:27:47,916 [INFO] from play.api.db.DefaultDBApi in play-dev-mode-akka.actor.default-dispatcher-45 - Database [default] connected at jdbc:h2:file:./data/productsDB
2018-04-16 17:27:48,054 [WARN] from org.hibernate.validator.messageinterpolation.ParameterMessageInterpolator in play-dev-mode-akka.actor.default-dispatcher-45 - HV000184: ParameterMessageInterpolator has been chosen, EL interpolation will not be supported
2018-04-16 17:27:48,143 [INFO] from play.api.http.EnabledFilters in play-dev-mode-akka.actor.default-dispatcher-45 - Enabled Filters (see <https://www.playframework.com/documentation/latest/Filters>):

    play.filters.csrf.CSRFFilter
    play.filters.headers.SecurityHeadersFilter
    play.filters.hosts.AllowedHostsFilter

2018-04-16 17:27:48,144 [INFO] from play.api.Play in play-dev-mode-akka.actor.default-dispatcher-45 - Application started (Dev)
2018-04-16 17:33:23,149 [INFO] from application in play-dev-mode-akka.actor.default-dispatcher-79 - Shutting down connection pool.
2018-04-16 17:33:23,356 [INFO] from application in play-dev-mode-akka.actor.default-dispatcher-79 - Creating Pool for datasource 'default'
2018-04-16 17:33:23,374 [INFO] from play.api.db.DefaultDBApi in play-dev-mode-akka.actor.default-dispatcher-79 - Database [default] connected at jdbc:h2:file:./data/productsDB
2018-04-16 17:33:23,541 [WARN] from org.hibernate.validator.messageinterpolation.ParameterMessageInterpolator in play-dev-mode-akka.actor.default-dispatcher-79 - HV000184: ParameterMessageInterpolator has been chosen, EL interpolation will not be supported
2018-04-16 17:33:23,639 [INFO] from play.api.http.EnabledFilters in play-dev-mode-akka.actor.default-dispatcher-79 - Enabled Filters (see <https://www.playframework.com/documentation/latest/Filters>):

    play.filters.csrf.CSRFFilter
    play.filters.headers.SecurityHeadersFilter
    play.filters.hosts.AllowedHostsFilter

2018-04-16 17:33:23,652 [INFO] from play.api.Play in play-dev-mode-akka.actor.default-dispatcher-79 - Application started (Dev)
2018-04-16 17:34:09,785 [INFO] from application in play-dev-mode-akka.actor.default-dispatcher-86 - Shutting down connection pool.
2018-04-16 17:34:09,966 [INFO] from application in play-dev-mode-akka.actor.default-dispatcher-86 - Creating Pool for datasource 'default'
2018-04-16 17:34:09,990 [INFO] from play.api.db.DefaultDBApi in play-dev-mode-akka.actor.default-dispatcher-86 - Database [default] connected at jdbc:h2:file:./data/productsDB
2018-04-16 17:34:10,101 [WARN] from org.hibernate.validator.messageinterpolation.ParameterMessageInterpolator in play-dev-mode-akka.actor.default-dispatcher-86 - HV000184: ParameterMessageInterpolator has been chosen, EL interpolation will not be supported
2018-04-16 17:34:10,143 [INFO] from play.api.http.EnabledFilters in play-dev-mode-akka.actor.default-dispatcher-86 - Enabled Filters (see <https://www.playframework.com/documentation/latest/Filters>):

    play.filters.csrf.CSRFFilter
    play.filters.headers.SecurityHeadersFilter
    play.filters.hosts.AllowedHostsFilter

2018-04-16 17:34:10,155 [INFO] from play.api.Play in play-dev-mode-akka.actor.default-dispatcher-86 - Application started (Dev)
2018-04-16 17:34:34,035 [INFO] from application in play-dev-mode-akka.actor.default-dispatcher-79 - Shutting down connection pool.
2018-04-16 17:34:34,250 [INFO] from application in play-dev-mode-akka.actor.default-dispatcher-79 - Creating Pool for datasource 'default'
2018-04-16 17:34:34,252 [INFO] from play.api.db.DefaultDBApi in play-dev-mode-akka.actor.default-dispatcher-79 - Database [default] connected at jdbc:h2:file:./data/productsDB
2018-04-16 17:34:34,402 [WARN] from org.hibernate.validator.messageinterpolation.ParameterMessageInterpolator in play-dev-mode-akka.actor.default-dispatcher-79 - HV000184: ParameterMessageInterpolator has been chosen, EL interpolation will not be supported
2018-04-16 17:34:34,494 [INFO] from play.api.http.EnabledFilters in play-dev-mode-akka.actor.default-dispatcher-79 - Enabled Filters (see <https://www.playframework.com/documentation/latest/Filters>):

    play.filters.csrf.CSRFFilter
    play.filters.headers.SecurityHeadersFilter
    play.filters.hosts.AllowedHostsFilter

2018-04-16 17:34:34,496 [INFO] from play.api.Play in play-dev-mode-akka.actor.default-dispatcher-79 - Application started (Dev)
2018-04-16 17:36:03,653 [INFO] from application in play-dev-mode-akka.actor.default-dispatcher-86 - Shutting down connection pool.
2018-04-16 17:36:03,789 [INFO] from application in play-dev-mode-akka.actor.default-dispatcher-86 - Creating Pool for datasource 'default'
2018-04-16 17:36:03,797 [INFO] from play.api.db.DefaultDBApi in play-dev-mode-akka.actor.default-dispatcher-86 - Database [default] connected at jdbc:h2:file:./data/productsDB
2018-04-16 17:36:03,969 [WARN] from org.hibernate.validator.messageinterpolation.ParameterMessageInterpolator in play-dev-mode-akka.actor.default-dispatcher-86 - HV000184: ParameterMessageInterpolator has been chosen, EL interpolation will not be supported
2018-04-16 17:36:04,043 [INFO] from play.api.http.EnabledFilters in play-dev-mode-akka.actor.default-dispatcher-86 - Enabled Filters (see <https://www.playframework.com/documentation/latest/Filters>):

    play.filters.csrf.CSRFFilter
    play.filters.headers.SecurityHeadersFilter
    play.filters.hosts.AllowedHostsFilter

2018-04-16 17:36:04,051 [INFO] from play.api.Play in play-dev-mode-akka.actor.default-dispatcher-86 - Application started (Dev)
2018-04-16 17:38:36,202 [INFO] from application in play-dev-mode-akka.actor.default-dispatcher-98 - Shutting down connection pool.
2018-04-16 17:38:36,342 [INFO] from application in play-dev-mode-akka.actor.default-dispatcher-98 - Creating Pool for datasource 'default'
2018-04-16 17:38:36,362 [INFO] from play.api.db.DefaultDBApi in play-dev-mode-akka.actor.default-dispatcher-98 - Database [default] connected at jdbc:h2:file:./data/productsDB
2018-04-16 17:38:36,499 [WARN] from org.hibernate.validator.messageinterpolation.ParameterMessageInterpolator in play-dev-mode-akka.actor.default-dispatcher-98 - HV000184: ParameterMessageInterpolator has been chosen, EL interpolation will not be supported
2018-04-16 17:38:36,553 [INFO] from play.api.http.EnabledFilters in play-dev-mode-akka.actor.default-dispatcher-98 - Enabled Filters (see <https://www.playframework.com/documentation/latest/Filters>):

    play.filters.csrf.CSRFFilter
    play.filters.headers.SecurityHeadersFilter
    play.filters.hosts.AllowedHostsFilter

2018-04-16 17:38:36,554 [INFO] from play.api.Play in play-dev-mode-akka.actor.default-dispatcher-98 - Application started (Dev)
2018-04-16 17:40:33,066 [INFO] from application in play-dev-mode-akka.actor.default-dispatcher-110 - Shutting down connection pool.
2018-04-16 17:40:33,240 [INFO] from application in play-dev-mode-akka.actor.default-dispatcher-110 - Creating Pool for datasource 'default'
2018-04-16 17:40:33,249 [INFO] from play.api.db.DefaultDBApi in play-dev-mode-akka.actor.default-dispatcher-110 - Database [default] connected at jdbc:h2:file:./data/productsDB
2018-04-16 17:40:33,375 [WARN] from org.hibernate.validator.messageinterpolation.ParameterMessageInterpolator in play-dev-mode-akka.actor.default-dispatcher-110 - HV000184: ParameterMessageInterpolator has been chosen, EL interpolation will not be supported
2018-04-16 17:40:33,442 [INFO] from play.api.http.EnabledFilters in play-dev-mode-akka.actor.default-dispatcher-110 - Enabled Filters (see <https://www.playframework.com/documentation/latest/Filters>):

    play.filters.csrf.CSRFFilter
    play.filters.headers.SecurityHeadersFilter
    play.filters.hosts.AllowedHostsFilter

2018-04-16 17:40:33,447 [INFO] from play.api.Play in play-dev-mode-akka.actor.default-dispatcher-110 - Application started (Dev)
2018-04-16 17:41:47,135 [INFO] from application in play-dev-mode-akka.actor.default-dispatcher-98 - Shutting down connection pool.
2018-04-16 17:41:47,222 [INFO] from application in play-dev-mode-akka.actor.default-dispatcher-98 - Creating Pool for datasource 'default'
2018-04-16 17:41:47,229 [INFO] from play.api.db.DefaultDBApi in play-dev-mode-akka.actor.default-dispatcher-98 - Database [default] connected at jdbc:h2:file:./data/productsDB
2018-04-16 17:41:47,338 [WARN] from org.hibernate.validator.messageinterpolation.ParameterMessageInterpolator in play-dev-mode-akka.actor.default-dispatcher-98 - HV000184: ParameterMessageInterpolator has been chosen, EL interpolation will not be supported
2018-04-16 17:41:47,408 [INFO] from play.api.http.EnabledFilters in play-dev-mode-akka.actor.default-dispatcher-98 - Enabled Filters (see <https://www.playframework.com/documentation/latest/Filters>):

    play.filters.csrf.CSRFFilter
    play.filters.headers.SecurityHeadersFilter
    play.filters.hosts.AllowedHostsFilter

2018-04-16 17:41:47,409 [INFO] from play.api.Play in play-dev-mode-akka.actor.default-dispatcher-98 - Application started (Dev)
2018-04-16 17:42:44,188 [INFO] from application in play-dev-mode-akka.actor.default-dispatcher-110 - Shutting down connection pool.
2018-04-16 17:42:44,343 [INFO] from application in play-dev-mode-akka.actor.default-dispatcher-110 - Creating Pool for datasource 'default'
2018-04-16 17:42:44,352 [INFO] from play.api.db.DefaultDBApi in play-dev-mode-akka.actor.default-dispatcher-110 - Database [default] connected at jdbc:h2:file:./data/productsDB
2018-04-16 17:42:44,838 [WARN] from org.hibernate.validator.messageinterpolation.ParameterMessageInterpolator in play-dev-mode-akka.actor.default-dispatcher-110 - HV000184: ParameterMessageInterpolator has been chosen, EL interpolation will not be supported
2018-04-16 17:42:44,904 [INFO] from play.api.http.EnabledFilters in play-dev-mode-akka.actor.default-dispatcher-110 - Enabled Filters (see <https://www.playframework.com/documentation/latest/Filters>):

    play.filters.csrf.CSRFFilter
    play.filters.headers.SecurityHeadersFilter
    play.filters.hosts.AllowedHostsFilter

2018-04-16 17:42:44,904 [INFO] from play.api.Play in play-dev-mode-akka.actor.default-dispatcher-110 - Application started (Dev)
2018-04-16 17:43:57,007 [INFO] from application in play-dev-mode-akka.actor.default-dispatcher-111 - Shutting down connection pool.
2018-04-16 17:43:57,114 [INFO] from application in play-dev-mode-akka.actor.default-dispatcher-111 - Creating Pool for datasource 'default'
2018-04-16 17:43:57,128 [INFO] from play.api.db.DefaultDBApi in play-dev-mode-akka.actor.default-dispatcher-111 - Database [default] connected at jdbc:h2:file:./data/productsDB
2018-04-16 17:43:57,264 [WARN] from org.hibernate.validator.messageinterpolation.ParameterMessageInterpolator in play-dev-mode-akka.actor.default-dispatcher-111 - HV000184: ParameterMessageInterpolator has been chosen, EL interpolation will not be supported
2018-04-16 17:43:57,333 [INFO] from play.api.http.EnabledFilters in play-dev-mode-akka.actor.default-dispatcher-111 - Enabled Filters (see <https://www.playframework.com/documentation/latest/Filters>):

    play.filters.csrf.CSRFFilter
    play.filters.headers.SecurityHeadersFilter
    play.filters.hosts.AllowedHostsFilter

2018-04-16 17:43:57,337 [INFO] from play.api.Play in play-dev-mode-akka.actor.default-dispatcher-111 - Application started (Dev)
2018-04-16 17:44:26,157 [INFO] from application in play-dev-mode-akka.actor.default-dispatcher-98 - Shutting down connection pool.
2018-04-16 17:44:26,308 [INFO] from application in play-dev-mode-akka.actor.default-dispatcher-98 - Creating Pool for datasource 'default'
2018-04-16 17:44:26,333 [INFO] from play.api.db.DefaultDBApi in play-dev-mode-akka.actor.default-dispatcher-98 - Database [default] connected at jdbc:h2:file:./data/productsDB
2018-04-16 17:44:26,453 [WARN] from org.hibernate.validator.messageinterpolation.ParameterMessageInterpolator in play-dev-mode-akka.actor.default-dispatcher-98 - HV000184: ParameterMessageInterpolator has been chosen, EL interpolation will not be supported
2018-04-16 17:44:26,586 [INFO] from play.api.http.EnabledFilters in play-dev-mode-akka.actor.default-dispatcher-98 - Enabled Filters (see <https://www.playframework.com/documentation/latest/Filters>):

    play.filters.csrf.CSRFFilter
    play.filters.headers.SecurityHeadersFilter
    play.filters.hosts.AllowedHostsFilter

2018-04-16 17:44:26,586 [INFO] from play.api.Play in play-dev-mode-akka.actor.default-dispatcher-98 - Application started (Dev)
2018-04-16 17:46:26,085 [INFO] from application in play-dev-mode-akka.actor.default-dispatcher-117 - Shutting down connection pool.
2018-04-16 17:46:26,225 [INFO] from application in play-dev-mode-akka.actor.default-dispatcher-117 - Creating Pool for datasource 'default'
2018-04-16 17:46:26,228 [INFO] from play.api.db.DefaultDBApi in play-dev-mode-akka.actor.default-dispatcher-117 - Database [default] connected at jdbc:h2:file:./data/productsDB
2018-04-16 17:46:26,325 [WARN] from org.hibernate.validator.messageinterpolation.ParameterMessageInterpolator in play-dev-mode-akka.actor.default-dispatcher-117 - HV000184: ParameterMessageInterpolator has been chosen, EL interpolation will not be supported
2018-04-16 17:46:26,409 [INFO] from play.api.http.EnabledFilters in play-dev-mode-akka.actor.default-dispatcher-117 - Enabled Filters (see <https://www.playframework.com/documentation/latest/Filters>):

    play.filters.csrf.CSRFFilter
    play.filters.headers.SecurityHeadersFilter
    play.filters.hosts.AllowedHostsFilter

2018-04-16 17:46:26,409 [INFO] from play.api.Play in play-dev-mode-akka.actor.default-dispatcher-117 - Application started (Dev)
2018-04-16 17:47:14,250 [INFO] from application in play-dev-mode-akka.actor.default-dispatcher-125 - Shutting down connection pool.
2018-04-16 17:47:14,372 [INFO] from application in play-dev-mode-akka.actor.default-dispatcher-125 - Creating Pool for datasource 'default'
2018-04-16 17:47:14,378 [INFO] from play.api.db.DefaultDBApi in play-dev-mode-akka.actor.default-dispatcher-125 - Database [default] connected at jdbc:h2:file:./data/productsDB
2018-04-16 17:47:14,476 [WARN] from org.hibernate.validator.messageinterpolation.ParameterMessageInterpolator in play-dev-mode-akka.actor.default-dispatcher-125 - HV000184: ParameterMessageInterpolator has been chosen, EL interpolation will not be supported
2018-04-16 17:47:14,523 [INFO] from play.api.http.EnabledFilters in play-dev-mode-akka.actor.default-dispatcher-125 - Enabled Filters (see <https://www.playframework.com/documentation/latest/Filters>):

    play.filters.csrf.CSRFFilter
    play.filters.headers.SecurityHeadersFilter
    play.filters.hosts.AllowedHostsFilter

2018-04-16 17:47:14,524 [INFO] from play.api.Play in play-dev-mode-akka.actor.default-dispatcher-125 - Application started (Dev)
2018-04-16 17:50:05,887 [INFO] from application in play-dev-mode-akka.actor.default-dispatcher-121 - Shutting down connection pool.
2018-04-16 17:50:06,012 [INFO] from application in play-dev-mode-akka.actor.default-dispatcher-121 - Creating Pool for datasource 'default'
2018-04-16 17:50:06,028 [INFO] from play.api.db.DefaultDBApi in play-dev-mode-akka.actor.default-dispatcher-121 - Database [default] connected at jdbc:h2:file:./data/productsDB
2018-04-16 17:50:06,107 [WARN] from org.hibernate.validator.messageinterpolation.ParameterMessageInterpolator in play-dev-mode-akka.actor.default-dispatcher-121 - HV000184: ParameterMessageInterpolator has been chosen, EL interpolation will not be supported
2018-04-16 17:50:06,157 [INFO] from play.api.http.EnabledFilters in play-dev-mode-akka.actor.default-dispatcher-121 - Enabled Filters (see <https://www.playframework.com/documentation/latest/Filters>):

    play.filters.csrf.CSRFFilter
    play.filters.headers.SecurityHeadersFilter
    play.filters.hosts.AllowedHostsFilter

2018-04-16 17:50:06,158 [INFO] from play.api.Play in play-dev-mode-akka.actor.default-dispatcher-121 - Application started (Dev)
